[23/03/2018 17:51] SundavrGarm(295776945810046976) deleted 3 messages sent by the bot in channel vc-chat
[23/03/2018 17:53] SundavrGarm(295776945810046976) deleted 6 messages sent by the bot in channel vc-chat
[23/03/2018 17:53] SundavrGarm(295776945810046976) deleted 8 messages  made by Slurpee(249979132962799616) in channel vc-chat
[23/03/2018 17:53] SundavrGarm(295776945810046976) deleted 15 messages  made by SundavrGarm(295776945810046976) in channel vc-chat
[23/03/2018 18:02] SundavrGarm(295776945810046976) deleted 53 messages sent by the bot in channel general
[23/03/2018 18:32] SundavrGarm(295776945810046976) deleted 13 messages sent by the bot in Direct Message with SundavrGarm
[23/03/2018 22:25] SundavrGarm(295776945810046976) deleted 15 messages sent by the bot in Direct Message with SundavrGarm
[24/03/2018 11:35] SundavrGarm(295776945810046976) deleted 21 messages  made by Leafy Lizard(349314647586766849) in channel general
[24/03/2018 12:58] SundavrGarm(295776945810046976) deleted 100 messages in channel test
[24/03/2018 14:08] SundavrGarm(295776945810046976) deleted 30 messages sent by the bot in channel test
[24/03/2018 14:09] SundavrGarm(295776945810046976) deleted 19 messages  made by SundavrGarm(295776945810046976) in channel test
[24/03/2018 21:11] SundavrGarm(295776945810046976) deleted 100 messages in channel general
[24/03/2018 21:11] SundavrGarm(295776945810046976) deleted 200 messages in channel general
[24/03/2018 22:08] SundavrGarm(295776945810046976) deleted 120 messages in channel general
[24/03/2018 23:34] SundavrGarm(295776945810046976) deleted 12 messages in channel general
[25/03/2018 00:18] SundavrGarm(295776945810046976) deleted 30 messages in channel general
[25/03/2018 00:18] SundavrGarm(295776945810046976) deleted 20 messages in channel general
[25/03/2018 00:23] SundavrGarm(295776945810046976) deleted 20 messages sent by the bot in Direct Message with SundavrGarm
[25/03/2018 00:24] SundavrGarm(295776945810046976) deleted 17 messages sent by the bot in Direct Message with SundavrGarm
[25/03/2018 00:37] SundavrGarm(295776945810046976) deleted 21  command messages in channel general
[25/03/2018 00:39] Saruhiko Fushimi(329664769785069578) deleted 12  command messages in channel general
[25/03/2018 09:45] SundavrGarm(295776945810046976) deleted 10 messages  made by deathdragon3s(372880852457357325) in channel general
[25/03/2018 10:58] SundavrGarm(295776945810046976) deleted 21  command messages in channel general
[25/03/2018 13:43] SundavrGarm(295776945810046976) deleted 21  command messages in channel general
[25/03/2018 14:07] SundavrGarm(295776945810046976) deleted 7  command messages in channel test
[25/03/2018 14:27] SundavrGarm(295776945810046976) deleted 6  command messages in channel code-development
[25/03/2018 14:31] SundavrGarm(295776945810046976) deleted 6  command messages in channel code-development
[25/03/2018 14:39] SundavrGarm(295776945810046976) deleted 7  command messages in channel code-development
[25/03/2018 17:02] SundavrGarm(295776945810046976) deleted 10 messages sent by the bot in Direct Message with SundavrGarm
[25/03/2018 18:00] SundavrGarm(295776945810046976) deleted 11  command messages in channel code-development
[25/03/2018 18:00] SundavrGarm(295776945810046976) deleted 21  command messages in channel code-development
[25/03/2018 18:00] SundavrGarm(295776945810046976) deleted 10 messages in channel code-development
[25/03/2018 18:02] SundavrGarm(295776945810046976) deleted 5 messages sent by the bot in Direct Message with SundavrGarm
